0 info it worked if it ends with ok
1 verbose cli [ '/Users/seanstanley/.meteor/packages/meteor-tool/.1.4.1_1.kyldps++os.osx.x86_64+web.browser+web.cordova/mt-os.osx.x86_64/dev_bundle/bin/node',
1 verbose cli   '/Users/seanstanley/.meteor/packages/meteor-tool/.1.4.1_1.kyldps++os.osx.x86_64+web.browser+web.cordova/mt-os.osx.x86_64/dev_bundle/bin/npm',
1 verbose cli   'run',
1 verbose cli   'lint',
1 verbose cli   '--fix' ]
2 info using npm@3.10.6
3 info using node@v4.5.0
4 verbose run-script [ 'prelint', 'lint', 'postlint' ]
5 info lifecycle foodcoop.nz@0.1.9~prelint: foodcoop.nz@0.1.9
6 silly lifecycle foodcoop.nz@0.1.9~prelint: no script for prelint, continuing
7 info lifecycle foodcoop.nz@0.1.9~lint: foodcoop.nz@0.1.9
8 verbose lifecycle foodcoop.nz@0.1.9~lint: unsafe-perm in lifecycle true
9 verbose lifecycle foodcoop.nz@0.1.9~lint: PATH: /Users/seanstanley/.meteor/packages/meteor-tool/.1.4.1_1.kyldps++os.osx.x86_64+web.browser+web.cordova/mt-os.osx.x86_64/dev_bundle/lib/node_modules/npm/bin/node-gyp-bin:/Users/seanstanley/sites/freshfoodcollective.com/node_modules/.bin:/Users/seanstanley/.meteor/packages/meteor-tool/.1.4.1_1.kyldps++os.osx.x86_64+web.browser+web.cordova/mt-os.osx.x86_64/dev_bundle/bin:/Users/seanstanley/.meteor/packages/meteor-tool/.1.4.1_1.kyldps++os.osx.x86_64+web.browser+web.cordova/mt-os.osx.x86_64/dev_bundle/lib/node_modules/.bin:/usr/local/bin:/usr/local/bin:/usr/local/bin:/usr/bin:/bin:/usr/sbin:/sbin:/opt/X11/bin:/usr/local/git/bin:/Users/seanstanley/Downloads/mongodb/bin
10 verbose lifecycle foodcoop.nz@0.1.9~lint: CWD: /Users/seanstanley/sites/freshfoodcollective.com
11 silly lifecycle foodcoop.nz@0.1.9~lint: Args: [ '-c', 'eslint .' ]
12 silly lifecycle foodcoop.nz@0.1.9~lint: Returned: code: 1  signal: null
13 info lifecycle foodcoop.nz@0.1.9~lint: Failed to exec lint script
14 verbose stack Error: foodcoop.nz@0.1.9 lint: `eslint .`
14 verbose stack Exit status 1
14 verbose stack     at EventEmitter.<anonymous> (/Users/seanstanley/.meteor/packages/meteor-tool/.1.4.1_1.kyldps++os.osx.x86_64+web.browser+web.cordova/mt-os.osx.x86_64/dev_bundle/lib/node_modules/npm/lib/utils/lifecycle.js:255:16)
14 verbose stack     at emitTwo (events.js:87:13)
14 verbose stack     at EventEmitter.emit (events.js:172:7)
14 verbose stack     at ChildProcess.<anonymous> (/Users/seanstanley/.meteor/packages/meteor-tool/.1.4.1_1.kyldps++os.osx.x86_64+web.browser+web.cordova/mt-os.osx.x86_64/dev_bundle/lib/node_modules/npm/lib/utils/spawn.js:40:14)
14 verbose stack     at emitTwo (events.js:87:13)
14 verbose stack     at ChildProcess.emit (events.js:172:7)
14 verbose stack     at maybeClose (internal/child_process.js:829:16)
14 verbose stack     at Process.ChildProcess._handle.onexit (internal/child_process.js:211:5)
15 verbose pkgid foodcoop.nz@0.1.9
16 verbose cwd /Users/seanstanley/sites/freshfoodcollective.com
17 error Darwin 15.6.0
18 error argv "/Users/seanstanley/.meteor/packages/meteor-tool/.1.4.1_1.kyldps++os.osx.x86_64+web.browser+web.cordova/mt-os.osx.x86_64/dev_bundle/bin/node" "/Users/seanstanley/.meteor/packages/meteor-tool/.1.4.1_1.kyldps++os.osx.x86_64+web.browser+web.cordova/mt-os.osx.x86_64/dev_bundle/bin/npm" "run" "lint" "--fix"
19 error node v4.5.0
20 error npm  v3.10.6
21 error code ELIFECYCLE
22 error foodcoop.nz@0.1.9 lint: `eslint .`
22 error Exit status 1
23 error Failed at the foodcoop.nz@0.1.9 lint script 'eslint .'.
23 error Make sure you have the latest version of node.js and npm installed.
23 error If you do, this is most likely a problem with the foodcoop.nz package,
23 error not with npm itself.
23 error Tell the author that this fails on your system:
23 error     eslint .
23 error You can get information on how to open an issue for this project with:
23 error     npm bugs foodcoop.nz
23 error Or if that isn't available, you can get their info via:
23 error     npm owner ls foodcoop.nz
23 error There is likely additional logging output above.
24 verbose exit [ 1, true ]
